Using pre-set license
Built from '2021.3/staging' branch; Version is '2021.3.2f1 (d6360bedb9a0) revision 14038539'; Using compiler version '192829333'; Build Type 'Release'
OS: 'Windows 10  (10.0.19044) 64bit Core' Language: 'en' Physical Memory: 16311 MB
BatchMode: 1, IsHumanControllingUs: 0, StartBugReporterOnCrash: 0, Is64bit: 1, IsPro: 1

COMMAND LINE ARGUMENTS:
C:\Program Files\Unity\Hub\Editor\2021.3.2f1\Editor\Unity.exe
-adb2
-batchMode
-noUpm
-name
AssetImportWorker2
-projectPath
E:/UnityProjects/Project_SilentMajora-2/My project
-logFile
Logs/AssetImportWorker2.log
-srvPort
64864
Successfully changed project path to: E:/UnityProjects/Project_SilentMajora-2/My project
E:/UnityProjects/Project_SilentMajora-2/My project
[UnityMemory] Configuration Parameters - Can be set up in boot.config
    "memorysetup-bucket-allocator-granularity=16"
    "memorysetup-bucket-allocator-bucket-count=8"
    "memorysetup-bucket-allocator-block-size=33554432"
    "memorysetup-bucket-allocator-block-count=8"
    "memorysetup-main-allocator-block-size=16777216"
    "memorysetup-thread-allocator-block-size=16777216"
    "memorysetup-gfx-main-allocator-block-size=16777216"
    "memorysetup-gfx-thread-allocator-block-size=16777216"
    "memorysetup-cache-allocator-block-size=4194304"
    "memorysetup-typetree-allocator-block-size=2097152"
    "memorysetup-profiler-bucket-allocator-granularity=16"
    "memorysetup-profiler-bucket-allocator-bucket-count=8"
    "memorysetup-profiler-bucket-allocator-block-size=33554432"
    "memorysetup-profiler-bucket-allocator-block-count=8"
    "memorysetup-profiler-allocator-block-size=16777216"
    "memorysetup-profiler-editor-allocator-block-size=1048576"
    "memorysetup-temp-allocator-size-main=16777216"
    "memorysetup-job-temp-allocator-block-size=2097152"
    "memorysetup-job-temp-allocator-block-size-background=1048576"
    "memorysetup-job-temp-allocator-reduction-small-platforms=262144"
    "memorysetup-temp-allocator-size-background-worker=32768"
    "memorysetup-temp-allocator-size-job-worker=262144"
    "memorysetup-temp-allocator-size-preload-manager=33554432"
    "memorysetup-temp-allocator-size-nav-mesh-worker=65536"
    "memorysetup-temp-allocator-size-audio-worker=65536"
    "memorysetup-temp-allocator-size-cloud-worker=32768"
    "memorysetup-temp-allocator-size-gi-baking-worker=262144"
    "memorysetup-temp-allocator-size-gfx=262144"
Refreshing native plugins compatible for Editor in 155.43 ms, found 3 plugins.
Preloading 0 native plugins for Editor in 0.00 ms.
Initialize engine version: 2021.3.2f1 (d6360bedb9a0)
[Subsystems] Discovering subsystems at path C:/Program Files/Unity/Hub/Editor/2021.3.2f1/Editor/Data/Resources/UnitySubsystems
[Subsystems] Discovering subsystems at path E:/UnityProjects/Project_SilentMajora-2/My project/Assets
GfxDevice: creating device client; threaded=0; jobified=0
Direct3D:
    Version:  Direct3D 11.0 [level 11.1]
    Renderer: NVIDIA GeForce RTX 3080 (ID=0x2216)
    Vendor:   NVIDIA
    VRAM:     10077 MB
    Driver:   30.0.15.1215
Initialize mono
Mono path[0] = 'C:/Program Files/Unity/Hub/Editor/2021.3.2f1/Editor/Data/Managed'
Mono path[1] = 'C:/Program Files/Unity/Hub/Editor/2021.3.2f1/Editor/Data/MonoBleedingEdge/lib/mono/unityjit-win32'
Mono config path = 'C:/Program Files/Unity/Hub/Editor/2021.3.2f1/Editor/Data/MonoBleedingEdge/etc'
Using monoOptions --debugger-agent=transport=dt_socket,embedding=1,server=y,suspend=n,address=127.0.0.1:56980
Begin MonoManager ReloadAssembly
Registering precompiled unity dll's ...
Register platform support module: C:/Program Files/Unity/Hub/Editor/2021.3.2f1/Editor/Data/PlaybackEngines/WebGLSupport/UnityEditor.WebGL.Extensions.dll
Register platform support module: C:/Program Files/Unity/Hub/Editor/2021.3.2f1/Editor/Data/PlaybackEngines/WindowsStandaloneSupport/UnityEditor.WindowsStandalone.Extensions.dll
Register platform support module: C:/Program Files/Unity/Hub/Editor/2021.3.2f1/Editor/Data/PlaybackEngines/LinuxStandaloneSupport/UnityEditor.LinuxStandalone.Extensions.dll
Registered in 0.009273 seconds.
Native extension for LinuxStandalone target not found
Native extension for WindowsStandalone target not found
Native extension for WebGL target not found
Refreshing native plugins compatible for Editor in 157.77 ms, found 3 plugins.
Preloading 0 native plugins for Editor in 0.00 ms.
Mono: successfully reloaded assembly
- Completed reload, in  1.300 seconds
Domain Reload Profiling:
	ReloadAssembly (1301ms)
		BeginReloadAssembly (142ms)
			ExecutionOrderSort (0ms)
			DisableScriptedObjects (0ms)
			BackupInstance (0ms)
			ReleaseScriptingObjects (0ms)
			CreateAndSetChildDomain (2ms)
		EndReloadAssembly (957ms)
			LoadAssemblies (139ms)
			RebuildTransferFunctionScriptingTraits (0ms)
			SetupTypeCache (173ms)
			ReleaseScriptCaches (0ms)
			RebuildScriptCaches (54ms)
			SetupLoadedEditorAssemblies (614ms)
				LogAssemblyErrors (0ms)
				InitializePlatformSupportModulesInManaged (25ms)
				SetLoadedEditorAssemblies (0ms)
				RefreshPlugins (158ms)
				BeforeProcessingInitializeOnLoad (5ms)
				ProcessInitializeOnLoadAttributes (321ms)
				ProcessInitializeOnLoadMethodAttributes (104ms)
				AfterProcessingInitializeOnLoad (0ms)
				EditorAssembliesLoaded (0ms)
			ExecutionOrderSort2 (0ms)
			AwakeInstancesAfterBackupRestoration (0ms)
Platform modules already initialized, skipping
Registering precompiled user dll's ...
Registered in 0.008158 seconds.
Begin MonoManager ReloadAssembly
Symbol file LoadedFromMemory doesn't match image E:\UnityProjects\Project_SilentMajora-2\My project\Library\PackageCache\com.unity.visualscripting@1.7.6\Editor\VisualScripting.Core\Dependencies\YamlDotNet\Unity.VisualScripting.YamlDotNet.dll
Symbol file LoadedFromMemory doesn't match image E:\UnityProjects\Project_SilentMajora-2\My project\Library\PackageCache\com.unity.visualscripting@1.7.6\Editor\VisualScripting.Core\Dependencies\DotNetZip\Unity.VisualScripting.IonicZip.dll
Native extension for LinuxStandalone target not found
Native extension for WindowsStandalone target not found
Native extension for WebGL target not found
Refreshing native plugins compatible for Editor in 157.78 ms, found 3 plugins.
Preloading 0 native plugins for Editor in 0.00 ms.
Mono: successfully reloaded assembly
- Completed reload, in  2.410 seconds
Domain Reload Profiling:
	ReloadAssembly (2412ms)
		BeginReloadAssembly (231ms)
			ExecutionOrderSort (0ms)
			DisableScriptedObjects (15ms)
			BackupInstance (0ms)
			ReleaseScriptingObjects (0ms)
			CreateAndSetChildDomain (37ms)
		EndReloadAssembly (1956ms)
			LoadAssemblies (165ms)
			RebuildTransferFunctionScriptingTraits (0ms)
			SetupTypeCache (435ms)
			ReleaseScriptCaches (1ms)
			RebuildScriptCaches (112ms)
			SetupLoadedEditorAssemblies (1155ms)
				LogAssemblyErrors (0ms)
				InitializePlatformSupportModulesInManaged (20ms)
				SetLoadedEditorAssemblies (1ms)
				RefreshPlugins (158ms)
				BeforeProcessingInitializeOnLoad (185ms)
				ProcessInitializeOnLoadAttributes (585ms)
				ProcessInitializeOnLoadMethodAttributes (191ms)
				AfterProcessingInitializeOnLoad (13ms)
				EditorAssembliesLoaded (1ms)
			ExecutionOrderSort2 (0ms)
			AwakeInstancesAfterBackupRestoration (9ms)
Platform modules already initialized, skipping
========================================================================
Worker process is ready to serve import requests
Launched and connected shader compiler UnityShaderCompiler.exe after 0.16 seconds
Refreshing native plugins compatible for Editor in 2.75 ms, found 3 plugins.
Preloading 0 native plugins for Editor in 0.00 ms.
Unloading 5011 Unused Serialized files (Serialized files now loaded: 0)
Unloading 33 unused Assets / (0.7 MB). Loaded Objects now: 5464.
Memory consumption went from 196.0 MB to 195.3 MB.
Total: 13.001094 ms (FindLiveObjects: 0.870572 ms CreateObjectMapping: 0.459137 ms MarkObjects: 10.790757 ms  DeleteObjects: 0.871549 ms)

AssetImportParameters requested are different than current active one (requested -> active):
  custom:video-decoder-ogg-theora: a1e56fd34408186e4bbccfd4996cb3dc -> 
  custom:container-muxer-webm: aa71ff27fc2769a1b78a27578f13a17b -> 
  custom:container-demuxer-webm: 4f35f7cbe854078d1ac9338744f61a02 -> 
  custom:video-encoder-webm-vp8: eb34c28f22e8b96e1ab97ce403110664 -> 
  custom:audio-encoder-webm-vorbis: bf7c407c2cedff20999df2af8eb42d56 -> 
  custom:framework-win-MediaFoundation: 216162199b28c13a410421893ffa2e32 -> 
  custom:container-demuxer-ogg: 62fdf1f143b41e24485cea50d1cbac27 -> 
  custom:video-decoder-webm-vp8: 9c59270c3fd7afecdb556c50c9e8de78 -> 
  custom:audio-decoder-ogg-vorbis: bf7c407c2cedff20999df2af8eb42d56 -> 
========================================================================
Received Import Request.
  Time since last request: 43482.534900 seconds.
  path: Assets/Textures/airshipstationdiffuse.png
  artifactKey: Guid(cf72fe6c6e085f8408f3421fe005992d) Importer(815301076,1909f56bfc062723c751e8b465ee728b)
Start importing Assets/Textures/airshipstationdiffuse.png using Guid(cf72fe6c6e085f8408f3421fe005992d) Importer(815301076,1909f56bfc062723c751e8b465ee728b)  -> (artifact id: '3dcc12c0129a37ecbddc535af370c256') in 0.221040 seconds 
========================================================================
Received Import Request.
  Time since last request: 0.000072 seconds.
  path: Assets/Textures/waterdiffuse.png
  artifactKey: Guid(68841e1e01da8c04d9d0246e9e42a471) Importer(815301076,1909f56bfc062723c751e8b465ee728b)
Start importing Assets/Textures/waterdiffuse.png using Guid(68841e1e01da8c04d9d0246e9e42a471) Importer(815301076,1909f56bfc062723c751e8b465ee728b)  -> (artifact id: 'a5d6cb91e79d860b897bdccc2606719f') in 0.031669 seconds 
========================================================================
Received Import Request.
  Time since last request: 0.000047 seconds.
  path: Assets/Textures/myrrhdiffuse.png
  artifactKey: Guid(36c7a2357ea9d2945a68e37e45f0cc39) Importer(815301076,1909f56bfc062723c751e8b465ee728b)
Start importing Assets/Textures/myrrhdiffuse.png using Guid(36c7a2357ea9d2945a68e37e45f0cc39) Importer(815301076,1909f56bfc062723c751e8b465ee728b)  -> (artifact id: '9cee1700f69f0f4d7cdda9535b2e1e7b') in 0.064380 seconds 
========================================================================
Received Import Request.
  Time since last request: 0.000043 seconds.
  path: Assets/Textures/riverdiffuse1.png
  artifactKey: Guid(b6a7b4fbb4f98f240b200d820a7ee9ca) Importer(815301076,1909f56bfc062723c751e8b465ee728b)
Start importing Assets/Textures/riverdiffuse1.png using Guid(b6a7b4fbb4f98f240b200d820a7ee9ca) Importer(815301076,1909f56bfc062723c751e8b465ee728b)  -> (artifact id: '9177d417bbdf220942871ea7fc745c36') in 0.041831 seconds 
========================================================================
Received Import Request.
  Time since last request: 0.000036 seconds.
  path: Assets/Textures/treediffuse.png
  artifactKey: Guid(812f453d1f810af46983115a0e9a4876) Importer(815301076,1909f56bfc062723c751e8b465ee728b)
Start importing Assets/Textures/treediffuse.png using Guid(812f453d1f810af46983115a0e9a4876) Importer(815301076,1909f56bfc062723c751e8b465ee728b)  -> (artifact id: 'c20a354f18922485f380c28faa60cb14') in 0.049692 seconds 
========================================================================
Received Import Request.
  Time since last request: 0.000053 seconds.
  path: Assets/Textures/housebannisterwood.png
  artifactKey: Guid(045b2fb2a054b2849b69e5906511b8d4) Importer(815301076,1909f56bfc062723c751e8b465ee728b)
Start importing Assets/Textures/housebannisterwood.png using Guid(045b2fb2a054b2849b69e5906511b8d4) Importer(815301076,1909f56bfc062723c751e8b465ee728b)  -> (artifact id: '38ca3cfff52db59f78f1870131c75466') in 0.043954 seconds 
========================================================================
Received Import Request.
  Time since last request: 0.000139 seconds.
  path: Assets/Textures/housebannisterwoodbrk.png
  artifactKey: Guid(61aa26a14a0f18a4eb91f934a47cf200) Importer(815301076,1909f56bfc062723c751e8b465ee728b)
Start importing Assets/Textures/housebannisterwoodbrk.png using Guid(61aa26a14a0f18a4eb91f934a47cf200) Importer(815301076,1909f56bfc062723c751e8b465ee728b)  -> (artifact id: '6c7faf43410a4bbb7641413af40d56d1') in 0.057158 seconds 
========================================================================
Received Import Request.
  Time since last request: 0.000067 seconds.
  path: Assets/Textures/treelineleafdiffuse.png
  artifactKey: Guid(7367819f07d8b414a9c210f73a8e9500) Importer(815301076,1909f56bfc062723c751e8b465ee728b)
Start importing Assets/Textures/treelineleafdiffuse.png using Guid(7367819f07d8b414a9c210f73a8e9500) Importer(815301076,1909f56bfc062723c751e8b465ee728b)  -> (artifact id: 'fa6d8bbe56fd30a40db48770f2138eef') in 0.048979 seconds 
========================================================================
Received Import Request.
  Time since last request: 0.000048 seconds.
  path: Assets/Textures/Housediffuse.png
  artifactKey: Guid(1190be4db0fa9bf45b3399b9e9115563) Importer(815301076,1909f56bfc062723c751e8b465ee728b)
Start importing Assets/Textures/Housediffuse.png using Guid(1190be4db0fa9bf45b3399b9e9115563) Importer(815301076,1909f56bfc062723c751e8b465ee728b)  -> (artifact id: '969ae674f2a3b90ed3a8fac77eb0593d') in 0.047859 seconds 
========================================================================
Received Import Request.
  Time since last request: 0.000031 seconds.
  path: Assets/Textures/Housebrkdiffuse.png
  artifactKey: Guid(c81df0540f8c43e43a558f3ba3e920e2) Importer(815301076,1909f56bfc062723c751e8b465ee728b)
Start importing Assets/Textures/Housebrkdiffuse.png using Guid(c81df0540f8c43e43a558f3ba3e920e2) Importer(815301076,1909f56bfc062723c751e8b465ee728b)  -> (artifact id: '42d3585ff479d5418f2f642669e9ed16') in 0.077896 seconds 
========================================================================
Received Import Request.
  Time since last request: 0.000059 seconds.
  path: Assets/Textures/windowdiffuse1.png
  artifactKey: Guid(e7fdb548826fcfd4281e87057dbeebfe) Importer(815301076,1909f56bfc062723c751e8b465ee728b)
Start importing Assets/Textures/windowdiffuse1.png using Guid(e7fdb548826fcfd4281e87057dbeebfe) Importer(815301076,1909f56bfc062723c751e8b465ee728b)  -> (artifact id: 'f6d1fef8cbd9ac9af29d55e6765ce0c2') in 0.036227 seconds 
Editor requested this worker to shutdown with reason: Scaling down because of idle timeout
AssetImportWorker is now disconnected from the server
Process exiting
Exiting without the bug reporter. Application will terminate with return code 0