Using pre-set license
Built from '2021.3/staging' branch; Version is '2021.3.2f1 (d6360bedb9a0) revision 14038539'; Using compiler version '192829333'; Build Type 'Release'
OS: 'Windows 10  (10.0.19044) 64bit Core' Language: 'en' Physical Memory: 16311 MB
BatchMode: 1, IsHumanControllingUs: 0, StartBugReporterOnCrash: 0, Is64bit: 1, IsPro: 1

COMMAND LINE ARGUMENTS:
C:\Program Files\Unity\Hub\Editor\2021.3.2f1\Editor\Unity.exe
-adb2
-batchMode
-noUpm
-name
AssetImportWorker4
-projectPath
E:/UnityProjects/Project_SilentMajora-2/My project
-logFile
Logs/AssetImportWorker4.log
-srvPort
64864
Successfully changed project path to: E:/UnityProjects/Project_SilentMajora-2/My project
E:/UnityProjects/Project_SilentMajora-2/My project
[UnityMemory] Configuration Parameters - Can be set up in boot.config
    "memorysetup-bucket-allocator-granularity=16"
    "memorysetup-bucket-allocator-bucket-count=8"
    "memorysetup-bucket-allocator-block-size=33554432"
    "memorysetup-bucket-allocator-block-count=8"
    "memorysetup-main-allocator-block-size=16777216"
    "memorysetup-thread-allocator-block-size=16777216"
    "memorysetup-gfx-main-allocator-block-size=16777216"
    "memorysetup-gfx-thread-allocator-block-size=16777216"
    "memorysetup-cache-allocator-block-size=4194304"
    "memorysetup-typetree-allocator-block-size=2097152"
    "memorysetup-profiler-bucket-allocator-granularity=16"
    "memorysetup-profiler-bucket-allocator-bucket-count=8"
    "memorysetup-profiler-bucket-allocator-block-size=33554432"
    "memorysetup-profiler-bucket-allocator-block-count=8"
    "memorysetup-profiler-allocator-block-size=16777216"
    "memorysetup-profiler-editor-allocator-block-size=1048576"
    "memorysetup-temp-allocator-size-main=16777216"
    "memorysetup-job-temp-allocator-block-size=2097152"
    "memorysetup-job-temp-allocator-block-size-background=1048576"
    "memorysetup-job-temp-allocator-reduction-small-platforms=262144"
    "memorysetup-temp-allocator-size-background-worker=32768"
    "memorysetup-temp-allocator-size-job-worker=262144"
    "memorysetup-temp-allocator-size-preload-manager=33554432"
    "memorysetup-temp-allocator-size-nav-mesh-worker=65536"
    "memorysetup-temp-allocator-size-audio-worker=65536"
    "memorysetup-temp-allocator-size-cloud-worker=32768"
    "memorysetup-temp-allocator-size-gi-baking-worker=262144"
    "memorysetup-temp-allocator-size-gfx=262144"
Refreshing native plugins compatible for Editor in 185.94 ms, found 3 plugins.
Preloading 0 native plugins for Editor in 0.00 ms.
Initialize engine version: 2021.3.2f1 (d6360bedb9a0)
[Subsystems] Discovering subsystems at path C:/Program Files/Unity/Hub/Editor/2021.3.2f1/Editor/Data/Resources/UnitySubsystems
[Subsystems] Discovering subsystems at path E:/UnityProjects/Project_SilentMajora-2/My project/Assets
GfxDevice: creating device client; threaded=0; jobified=0
Direct3D:
    Version:  Direct3D 11.0 [level 11.1]
    Renderer: NVIDIA GeForce RTX 3080 (ID=0x2216)
    Vendor:   NVIDIA
    VRAM:     10077 MB
    Driver:   30.0.15.1215
Initialize mono
Mono path[0] = 'C:/Program Files/Unity/Hub/Editor/2021.3.2f1/Editor/Data/Managed'
Mono path[1] = 'C:/Program Files/Unity/Hub/Editor/2021.3.2f1/Editor/Data/MonoBleedingEdge/lib/mono/unityjit-win32'
Mono config path = 'C:/Program Files/Unity/Hub/Editor/2021.3.2f1/Editor/Data/MonoBleedingEdge/etc'
Using monoOptions --debugger-agent=transport=dt_socket,embedding=1,server=y,suspend=n,address=127.0.0.1:56192
Begin MonoManager ReloadAssembly
Registering precompiled unity dll's ...
Register platform support module: C:/Program Files/Unity/Hub/Editor/2021.3.2f1/Editor/Data/PlaybackEngines/WebGLSupport/UnityEditor.WebGL.Extensions.dll
Register platform support module: C:/Program Files/Unity/Hub/Editor/2021.3.2f1/Editor/Data/PlaybackEngines/WindowsStandaloneSupport/UnityEditor.WindowsStandalone.Extensions.dll
Register platform support module: C:/Program Files/Unity/Hub/Editor/2021.3.2f1/Editor/Data/PlaybackEngines/LinuxStandaloneSupport/UnityEditor.LinuxStandalone.Extensions.dll
Registered in 0.010256 seconds.
Native extension for LinuxStandalone target not found
Native extension for WindowsStandalone target not found
Native extension for WebGL target not found
Refreshing native plugins compatible for Editor in 145.43 ms, found 3 plugins.
Preloading 0 native plugins for Editor in 0.00 ms.
Mono: successfully reloaded assembly
- Completed reload, in  1.230 seconds
Domain Reload Profiling:
	ReloadAssembly (1230ms)
		BeginReloadAssembly (139ms)
			ExecutionOrderSort (0ms)
			DisableScriptedObjects (0ms)
			BackupInstance (0ms)
			ReleaseScriptingObjects (0ms)
			CreateAndSetChildDomain (1ms)
		EndReloadAssembly (889ms)
			LoadAssemblies (137ms)
			RebuildTransferFunctionScriptingTraits (0ms)
			SetupTypeCache (157ms)
			ReleaseScriptCaches (0ms)
			RebuildScriptCaches (47ms)
			SetupLoadedEditorAssemblies (576ms)
				LogAssemblyErrors (0ms)
				InitializePlatformSupportModulesInManaged (24ms)
				SetLoadedEditorAssemblies (1ms)
				RefreshPlugins (146ms)
				BeforeProcessingInitializeOnLoad (3ms)
				ProcessInitializeOnLoadAttributes (303ms)
				ProcessInitializeOnLoadMethodAttributes (99ms)
				AfterProcessingInitializeOnLoad (0ms)
				EditorAssembliesLoaded (0ms)
			ExecutionOrderSort2 (0ms)
			AwakeInstancesAfterBackupRestoration (0ms)
Platform modules already initialized, skipping
Registering precompiled user dll's ...
Registered in 0.008007 seconds.
Begin MonoManager ReloadAssembly
Symbol file LoadedFromMemory doesn't match image E:\UnityProjects\Project_SilentMajora-2\My project\Library\PackageCache\com.unity.visualscripting@1.7.6\Editor\VisualScripting.Core\Dependencies\YamlDotNet\Unity.VisualScripting.YamlDotNet.dll
Symbol file LoadedFromMemory doesn't match image E:\UnityProjects\Project_SilentMajora-2\My project\Library\PackageCache\com.unity.visualscripting@1.7.6\Editor\VisualScripting.Core\Dependencies\DotNetZip\Unity.VisualScripting.IonicZip.dll
Native extension for LinuxStandalone target not found
Native extension for WindowsStandalone target not found
Native extension for WebGL target not found
Refreshing native plugins compatible for Editor in 153.44 ms, found 3 plugins.
Preloading 0 native plugins for Editor in 0.00 ms.
Mono: successfully reloaded assembly
- Completed reload, in  2.400 seconds
Domain Reload Profiling:
	ReloadAssembly (2403ms)
		BeginReloadAssembly (218ms)
			ExecutionOrderSort (0ms)
			DisableScriptedObjects (13ms)
			BackupInstance (0ms)
			ReleaseScriptingObjects (0ms)
			CreateAndSetChildDomain (36ms)
		EndReloadAssembly (1966ms)
			LoadAssemblies (147ms)
			RebuildTransferFunctionScriptingTraits (0ms)
			SetupTypeCache (434ms)
			ReleaseScriptCaches (1ms)
			RebuildScriptCaches (115ms)
			SetupLoadedEditorAssemblies (1169ms)
				LogAssemblyErrors (0ms)
				InitializePlatformSupportModulesInManaged (16ms)
				SetLoadedEditorAssemblies (0ms)
				RefreshPlugins (154ms)
				BeforeProcessingInitializeOnLoad (180ms)
				ProcessInitializeOnLoadAttributes (615ms)
				ProcessInitializeOnLoadMethodAttributes (193ms)
				AfterProcessingInitializeOnLoad (11ms)
				EditorAssembliesLoaded (1ms)
			ExecutionOrderSort2 (0ms)
			AwakeInstancesAfterBackupRestoration (11ms)
Platform modules already initialized, skipping
========================================================================
Worker process is ready to serve import requests
Launched and connected shader compiler UnityShaderCompiler.exe after 0.11 seconds
Refreshing native plugins compatible for Editor in 2.22 ms, found 3 plugins.
Preloading 0 native plugins for Editor in 0.00 ms.
Unloading 5011 Unused Serialized files (Serialized files now loaded: 0)
Unloading 33 unused Assets / (0.7 MB). Loaded Objects now: 5464.
Memory consumption went from 196.1 MB to 195.4 MB.
Total: 8.679455 ms (FindLiveObjects: 0.934965 ms CreateObjectMapping: 0.602521 ms MarkObjects: 6.378464 ms  DeleteObjects: 0.754984 ms)

AssetImportParameters requested are different than current active one (requested -> active):
  custom:video-decoder-ogg-theora: a1e56fd34408186e4bbccfd4996cb3dc -> 
  custom:container-muxer-webm: aa71ff27fc2769a1b78a27578f13a17b -> 
  custom:container-demuxer-webm: 4f35f7cbe854078d1ac9338744f61a02 -> 
  custom:video-encoder-webm-vp8: eb34c28f22e8b96e1ab97ce403110664 -> 
  custom:audio-encoder-webm-vorbis: bf7c407c2cedff20999df2af8eb42d56 -> 
  custom:framework-win-MediaFoundation: 216162199b28c13a410421893ffa2e32 -> 
  custom:container-demuxer-ogg: 62fdf1f143b41e24485cea50d1cbac27 -> 
  custom:video-decoder-webm-vp8: 9c59270c3fd7afecdb556c50c9e8de78 -> 
  custom:audio-decoder-ogg-vorbis: bf7c407c2cedff20999df2af8eb42d56 -> 
========================================================================
Received Import Request.
  Time since last request: 43543.852507 seconds.
  path: Assets/TutorialInfo/Icons/URP.png
  artifactKey: Guid(727a75301c3d24613a3ebcec4a24c2c8) Importer(815301076,1909f56bfc062723c751e8b465ee728b)
Start importing Assets/TutorialInfo/Icons/URP.png using Guid(727a75301c3d24613a3ebcec4a24c2c8) Importer(815301076,1909f56bfc062723c751e8b465ee728b)  -> (artifact id: '822303f7803874cae41c4b3b87b8b8f2') in 0.181689 seconds 
========================================================================
Received Import Request.
  Time since last request: 273.546290 seconds.
  path: Assets/Models/Map1-Minth.fbx
  artifactKey: Guid(c8d3fffc7d45f7146bf256dfc58d3b25) Importer(815301076,1909f56bfc062723c751e8b465ee728b)
Start importing Assets/Models/Map1-Minth.fbx using Guid(c8d3fffc7d45f7146bf256dfc58d3b25) Importer(815301076,1909f56bfc062723c751e8b465ee728b)  -> (artifact id: 'cbc1838e7607ea4adb1266acdde4f2e4') in 8.213641 seconds 
========================================================================
Received Import Request.
  Time since last request: 0.000062 seconds.
  path: Assets/Materials/Map1-Minth/housebannisterdiffuse.001.mat
  artifactKey: Guid(6da05f2280cc1c14b9d332ffab71fda6) Importer(815301076,1909f56bfc062723c751e8b465ee728b)
Start importing Assets/Materials/Map1-Minth/housebannisterdiffuse.001.mat using Guid(6da05f2280cc1c14b9d332ffab71fda6) Importer(815301076,1909f56bfc062723c751e8b465ee728b)  -> (artifact id: '734fc0b34de3832a8280e8e612e156c7') in 0.052659 seconds 
========================================================================
Received Import Request.
  Time since last request: 0.000073 seconds.
  path: Assets/Materials/Map1-Minth/planediffuse.mat
  artifactKey: Guid(75d074431436bb84ebde6ebf1e42d5e9) Importer(815301076,1909f56bfc062723c751e8b465ee728b)
Start importing Assets/Materials/Map1-Minth/planediffuse.mat using Guid(75d074431436bb84ebde6ebf1e42d5e9) Importer(815301076,1909f56bfc062723c751e8b465ee728b)  -> (artifact id: '8382ea6b97f7b5f7f773413947a2ab86') in 0.053968 seconds 
========================================================================
Received Import Request.
  Time since last request: 0.000049 seconds.
  path: Assets/Materials/Map1-Minth/bridgediffuse.mat
  artifactKey: Guid(463b43a5115a7c84b842d97c06f45b72) Importer(815301076,1909f56bfc062723c751e8b465ee728b)
Start importing Assets/Materials/Map1-Minth/bridgediffuse.mat using Guid(463b43a5115a7c84b842d97c06f45b72) Importer(815301076,1909f56bfc062723c751e8b465ee728b)  -> (artifact id: 'd54eaa7831b24d3d8938df7bb54fbd34') in 0.023860 seconds 
========================================================================
Received Import Request.
  Time since last request: 0.000059 seconds.
  path: Assets/Materials/Map1-Minth/myrrhtankbrk.mat
  artifactKey: Guid(ce0bf615ebb01684abad8a29eaea46a1) Importer(815301076,1909f56bfc062723c751e8b465ee728b)
Start importing Assets/Materials/Map1-Minth/myrrhtankbrk.mat using Guid(ce0bf615ebb01684abad8a29eaea46a1) Importer(815301076,1909f56bfc062723c751e8b465ee728b)  -> (artifact id: '32fc7c0f42ffd10813d22f669bdf7a9e') in 0.023772 seconds 
========================================================================
Received Import Request.
  Time since last request: 0.000035 seconds.
  path: Assets/Materials/Map1-Minth/doubledoorbrk.mat
  artifactKey: Guid(1acb8f8b1af8348419144fb376c9184d) Importer(815301076,1909f56bfc062723c751e8b465ee728b)
Start importing Assets/Materials/Map1-Minth/doubledoorbrk.mat using Guid(1acb8f8b1af8348419144fb376c9184d) Importer(815301076,1909f56bfc062723c751e8b465ee728b)  -> (artifact id: 'd6ad7e7645add80fbddf9faebb0f7562') in 0.024799 seconds 
========================================================================
Received Import Request.
  Time since last request: 0.000038 seconds.
  path: Assets/Materials/Map1-Minth/pinewall.mat
  artifactKey: Guid(938c7b4958e2de349aacf6b80d7e5d19) Importer(815301076,1909f56bfc062723c751e8b465ee728b)
Start importing Assets/Materials/Map1-Minth/pinewall.mat using Guid(938c7b4958e2de349aacf6b80d7e5d19) Importer(815301076,1909f56bfc062723c751e8b465ee728b)  -> (artifact id: '13a63a4563a563413a37f9fb50859d2a') in 0.024373 seconds 
========================================================================
Received Import Request.
  Time since last request: 0.000058 seconds.
  path: Assets/Materials/Map1-Minth/pine.mat
  artifactKey: Guid(7d45029f0150ef74c85bd379c391ceb3) Importer(815301076,1909f56bfc062723c751e8b465ee728b)
Start importing Assets/Materials/Map1-Minth/pine.mat using Guid(7d45029f0150ef74c85bd379c391ceb3) Importer(815301076,1909f56bfc062723c751e8b465ee728b)  -> (artifact id: '6bc226db7210fd892299e0c696b45466') in 0.031820 seconds 
========================================================================
Received Import Request.
  Time since last request: 0.000046 seconds.
  path: Assets/Materials/Map1-Minth/housebannisterbrkdiffuse.mat
  artifactKey: Guid(dad291b2587955d4da251de6c4229010) Importer(815301076,1909f56bfc062723c751e8b465ee728b)
Start importing Assets/Materials/Map1-Minth/housebannisterbrkdiffuse.mat using Guid(dad291b2587955d4da251de6c4229010) Importer(815301076,1909f56bfc062723c751e8b465ee728b)  -> (artifact id: 'fc2466b8c05ae1542c42378f743234e5') in 0.034038 seconds 
========================================================================
Received Import Request.
  Time since last request: 0.000065 seconds.
  path: Assets/Materials/Map1-Minth/doubledoor.001.mat
  artifactKey: Guid(e0aaaed827135ac4f8425b88c59f13f7) Importer(815301076,1909f56bfc062723c751e8b465ee728b)
Start importing Assets/Materials/Map1-Minth/doubledoor.001.mat using Guid(e0aaaed827135ac4f8425b88c59f13f7) Importer(815301076,1909f56bfc062723c751e8b465ee728b)  -> (artifact id: 'beb92da3391451d6c175c0f6cdac8618') in 0.028727 seconds 
========================================================================
Received Import Request.
  Time since last request: 52.894695 seconds.
  path: Assets/Models/Materials/airshipstationdiffuse.mat
  artifactKey: Guid(0eb82779cd64c754a96500bdaaea142b) Importer(815301076,1909f56bfc062723c751e8b465ee728b)
Start importing Assets/Models/Materials/airshipstationdiffuse.mat using Guid(0eb82779cd64c754a96500bdaaea142b) Importer(815301076,1909f56bfc062723c751e8b465ee728b)  -> (artifact id: 'c6013fa2b819a0d12d07627334e45752') in 0.029401 seconds 
========================================================================
Received Import Request.
  Time since last request: 0.000038 seconds.
  path: Assets/Models/Materials/pinewalldiffuse.mat
  artifactKey: Guid(ff4823c9bcfe0ea438e2c27fad5f3471) Importer(815301076,1909f56bfc062723c751e8b465ee728b)
Start importing Assets/Models/Materials/pinewalldiffuse.mat using Guid(ff4823c9bcfe0ea438e2c27fad5f3471) Importer(815301076,1909f56bfc062723c751e8b465ee728b)  -> (artifact id: '5cb2bc2df7b2bd7c8098ea8b7b9daa40') in 0.026345 seconds 
========================================================================
Received Import Request.
  Time since last request: 0.000079 seconds.
  path: Assets/Models/Materials/windowdiffuse1.mat
  artifactKey: Guid(e16f20668806a4f42a1129aa1182d794) Importer(815301076,1909f56bfc062723c751e8b465ee728b)
Start importing Assets/Models/Materials/windowdiffuse1.mat using Guid(e16f20668806a4f42a1129aa1182d794) Importer(815301076,1909f56bfc062723c751e8b465ee728b)  -> (artifact id: 'b89509725d84908fb1423c4f9dba5808') in 0.029445 seconds 
========================================================================
Received Import Request.
  Time since last request: 0.000048 seconds.
  path: Assets/Models/Materials/map1diffuse.mat
  artifactKey: Guid(5739955e555246f41b0b065e3a6e78e9) Importer(815301076,1909f56bfc062723c751e8b465ee728b)
Start importing Assets/Models/Materials/map1diffuse.mat using Guid(5739955e555246f41b0b065e3a6e78e9) Importer(815301076,1909f56bfc062723c751e8b465ee728b)  -> (artifact id: '5db3d47d221b1758049ef99d1efc65ce') in 0.037381 seconds 
========================================================================
Received Import Request.
  Time since last request: 0.000040 seconds.
  path: Assets/Models/Materials/riverdiffuse1.mat
  artifactKey: Guid(4801da26ef5b20b4ba273ea22be15cf8) Importer(815301076,1909f56bfc062723c751e8b465ee728b)
Start importing Assets/Models/Materials/riverdiffuse1.mat using Guid(4801da26ef5b20b4ba273ea22be15cf8) Importer(815301076,1909f56bfc062723c751e8b465ee728b)  -> (artifact id: '85b1622951db8c1d4daf9e3df8bd0dfa') in 0.027209 seconds 
========================================================================
Received Import Request.
  Time since last request: 0.000040 seconds.
  path: Assets/Models/Materials/windowdiffuse2.mat
  artifactKey: Guid(431a7c5eb4b9db241a742a296729639a) Importer(815301076,1909f56bfc062723c751e8b465ee728b)
Start importing Assets/Models/Materials/windowdiffuse2.mat using Guid(431a7c5eb4b9db241a742a296729639a) Importer(815301076,1909f56bfc062723c751e8b465ee728b)  -> (artifact id: '05009d8a0cc6845b92ad6a9ba6085a01') in 0.034639 seconds 
========================================================================
Received Import Request.
  Time since last request: 0.000040 seconds.
  path: Assets/Models/Materials/doordiffusebrk.mat
  artifactKey: Guid(8190b14edce05e14ebaf596214d157ca) Importer(815301076,1909f56bfc062723c751e8b465ee728b)
Start importing Assets/Models/Materials/doordiffusebrk.mat using Guid(8190b14edce05e14ebaf596214d157ca) Importer(815301076,1909f56bfc062723c751e8b465ee728b)  -> (artifact id: 'd8bbd1366b008622c9d4d8c1182bd6e2') in 0.035667 seconds 
========================================================================
Received Import Request.
  Time since last request: 0.000059 seconds.
  path: Assets/Models/Materials/streetlampdiffuse.mat
  artifactKey: Guid(7155d4ec00726634aadda9c5719d1d46) Importer(815301076,1909f56bfc062723c751e8b465ee728b)
Start importing Assets/Models/Materials/streetlampdiffuse.mat using Guid(7155d4ec00726634aadda9c5719d1d46) Importer(815301076,1909f56bfc062723c751e8b465ee728b)  -> (artifact id: 'd07a24806f2a19ff3a7c63b231502e8b') in 0.025661 seconds 
========================================================================
Received Import Request.
  Time since last request: 0.000050 seconds.
  path: Assets/Models/Materials/Roundwindowdiffuse.mat
  artifactKey: Guid(96d527f011aabbf46ab9184ada7f9166) Importer(815301076,1909f56bfc062723c751e8b465ee728b)
Start importing Assets/Models/Materials/Roundwindowdiffuse.mat using Guid(96d527f011aabbf46ab9184ada7f9166) Importer(815301076,1909f56bfc062723c751e8b465ee728b)  -> (artifact id: '1ea064ef17145806432a53e539470ccf') in 0.030381 seconds 
Editor requested this worker to shutdown with reason: Scaling down because of idle timeout
AssetImportWorkerClient::OnTransportError - code=2 error=End of file
AssetImportWorker is now disconnected from the server
Process exiting
Exiting without the bug reporter. Application will terminate with return code 0