Using pre-set license
Built from '2021.3/staging' branch; Version is '2021.3.2f1 (d6360bedb9a0) revision 14038539'; Using compiler version '192829333'; Build Type 'Release'
OS: 'Windows 10  (10.0.19044) 64bit Core' Language: 'en' Physical Memory: 16311 MB
BatchMode: 1, IsHumanControllingUs: 0, StartBugReporterOnCrash: 0, Is64bit: 1, IsPro: 1

COMMAND LINE ARGUMENTS:
C:\Program Files\Unity\Hub\Editor\2021.3.2f1\Editor\Unity.exe
-adb2
-batchMode
-noUpm
-name
AssetImportWorker5
-projectPath
E:/UnityProjects/Project_SilentMajora-2/My project
-logFile
Logs/AssetImportWorker5.log
-srvPort
64864
Successfully changed project path to: E:/UnityProjects/Project_SilentMajora-2/My project
E:/UnityProjects/Project_SilentMajora-2/My project
[UnityMemory] Configuration Parameters - Can be set up in boot.config
    "memorysetup-bucket-allocator-granularity=16"
    "memorysetup-bucket-allocator-bucket-count=8"
    "memorysetup-bucket-allocator-block-size=33554432"
    "memorysetup-bucket-allocator-block-count=8"
    "memorysetup-main-allocator-block-size=16777216"
    "memorysetup-thread-allocator-block-size=16777216"
    "memorysetup-gfx-main-allocator-block-size=16777216"
    "memorysetup-gfx-thread-allocator-block-size=16777216"
    "memorysetup-cache-allocator-block-size=4194304"
    "memorysetup-typetree-allocator-block-size=2097152"
    "memorysetup-profiler-bucket-allocator-granularity=16"
    "memorysetup-profiler-bucket-allocator-bucket-count=8"
    "memorysetup-profiler-bucket-allocator-block-size=33554432"
    "memorysetup-profiler-bucket-allocator-block-count=8"
    "memorysetup-profiler-allocator-block-size=16777216"
    "memorysetup-profiler-editor-allocator-block-size=1048576"
    "memorysetup-temp-allocator-size-main=16777216"
    "memorysetup-job-temp-allocator-block-size=2097152"
    "memorysetup-job-temp-allocator-block-size-background=1048576"
    "memorysetup-job-temp-allocator-reduction-small-platforms=262144"
    "memorysetup-temp-allocator-size-background-worker=32768"
    "memorysetup-temp-allocator-size-job-worker=262144"
    "memorysetup-temp-allocator-size-preload-manager=33554432"
    "memorysetup-temp-allocator-size-nav-mesh-worker=65536"
    "memorysetup-temp-allocator-size-audio-worker=65536"
    "memorysetup-temp-allocator-size-cloud-worker=32768"
    "memorysetup-temp-allocator-size-gi-baking-worker=262144"
    "memorysetup-temp-allocator-size-gfx=262144"
Refreshing native plugins compatible for Editor in 177.86 ms, found 3 plugins.
Preloading 0 native plugins for Editor in 0.00 ms.
Initialize engine version: 2021.3.2f1 (d6360bedb9a0)
[Subsystems] Discovering subsystems at path C:/Program Files/Unity/Hub/Editor/2021.3.2f1/Editor/Data/Resources/UnitySubsystems
[Subsystems] Discovering subsystems at path E:/UnityProjects/Project_SilentMajora-2/My project/Assets
GfxDevice: creating device client; threaded=0; jobified=0
Direct3D:
    Version:  Direct3D 11.0 [level 11.1]
    Renderer: NVIDIA GeForce RTX 3080 (ID=0x2216)
    Vendor:   NVIDIA
    VRAM:     10077 MB
    Driver:   30.0.15.1215
Initialize mono
Mono path[0] = 'C:/Program Files/Unity/Hub/Editor/2021.3.2f1/Editor/Data/Managed'
Mono path[1] = 'C:/Program Files/Unity/Hub/Editor/2021.3.2f1/Editor/Data/MonoBleedingEdge/lib/mono/unityjit-win32'
Mono config path = 'C:/Program Files/Unity/Hub/Editor/2021.3.2f1/Editor/Data/MonoBleedingEdge/etc'
Using monoOptions --debugger-agent=transport=dt_socket,embedding=1,server=y,suspend=n,address=127.0.0.1:56184
Begin MonoManager ReloadAssembly
Registering precompiled unity dll's ...
Register platform support module: C:/Program Files/Unity/Hub/Editor/2021.3.2f1/Editor/Data/PlaybackEngines/WebGLSupport/UnityEditor.WebGL.Extensions.dll
Register platform support module: C:/Program Files/Unity/Hub/Editor/2021.3.2f1/Editor/Data/PlaybackEngines/WindowsStandaloneSupport/UnityEditor.WindowsStandalone.Extensions.dll
Register platform support module: C:/Program Files/Unity/Hub/Editor/2021.3.2f1/Editor/Data/PlaybackEngines/LinuxStandaloneSupport/UnityEditor.LinuxStandalone.Extensions.dll
Registered in 0.010417 seconds.
Native extension for LinuxStandalone target not found
Native extension for WindowsStandalone target not found
Native extension for WebGL target not found
Refreshing native plugins compatible for Editor in 148.50 ms, found 3 plugins.
Preloading 0 native plugins for Editor in 0.00 ms.
Mono: successfully reloaded assembly
- Completed reload, in  1.245 seconds
Domain Reload Profiling:
	ReloadAssembly (1245ms)
		BeginReloadAssembly (143ms)
			ExecutionOrderSort (0ms)
			DisableScriptedObjects (0ms)
			BackupInstance (0ms)
			ReleaseScriptingObjects (0ms)
			CreateAndSetChildDomain (2ms)
		EndReloadAssembly (897ms)
			LoadAssemblies (140ms)
			RebuildTransferFunctionScriptingTraits (0ms)
			SetupTypeCache (157ms)
			ReleaseScriptCaches (0ms)
			RebuildScriptCaches (51ms)
			SetupLoadedEditorAssemblies (582ms)
				LogAssemblyErrors (0ms)
				InitializePlatformSupportModulesInManaged (24ms)
				SetLoadedEditorAssemblies (0ms)
				RefreshPlugins (149ms)
				BeforeProcessingInitializeOnLoad (3ms)
				ProcessInitializeOnLoadAttributes (305ms)
				ProcessInitializeOnLoadMethodAttributes (100ms)
				AfterProcessingInitializeOnLoad (0ms)
				EditorAssembliesLoaded (0ms)
			ExecutionOrderSort2 (0ms)
			AwakeInstancesAfterBackupRestoration (0ms)
Platform modules already initialized, skipping
Registering precompiled user dll's ...
Registered in 0.008570 seconds.
Begin MonoManager ReloadAssembly
Symbol file LoadedFromMemory doesn't match image E:\UnityProjects\Project_SilentMajora-2\My project\Library\PackageCache\com.unity.visualscripting@1.7.6\Editor\VisualScripting.Core\Dependencies\YamlDotNet\Unity.VisualScripting.YamlDotNet.dll
Symbol file LoadedFromMemory doesn't match image E:\UnityProjects\Project_SilentMajora-2\My project\Library\PackageCache\com.unity.visualscripting@1.7.6\Editor\VisualScripting.Core\Dependencies\DotNetZip\Unity.VisualScripting.IonicZip.dll
Native extension for LinuxStandalone target not found
Native extension for WindowsStandalone target not found
Native extension for WebGL target not found
Refreshing native plugins compatible for Editor in 152.75 ms, found 3 plugins.
Preloading 0 native plugins for Editor in 0.00 ms.
Mono: successfully reloaded assembly
- Completed reload, in  2.396 seconds
Domain Reload Profiling:
	ReloadAssembly (2398ms)
		BeginReloadAssembly (222ms)
			ExecutionOrderSort (0ms)
			DisableScriptedObjects (15ms)
			BackupInstance (0ms)
			ReleaseScriptingObjects (0ms)
			CreateAndSetChildDomain (35ms)
		EndReloadAssembly (1961ms)
			LoadAssemblies (155ms)
			RebuildTransferFunctionScriptingTraits (0ms)
			SetupTypeCache (428ms)
			ReleaseScriptCaches (1ms)
			RebuildScriptCaches (119ms)
			SetupLoadedEditorAssemblies (1154ms)
				LogAssemblyErrors (0ms)
				InitializePlatformSupportModulesInManaged (15ms)
				SetLoadedEditorAssemblies (0ms)
				RefreshPlugins (153ms)
				BeforeProcessingInitializeOnLoad (181ms)
				ProcessInitializeOnLoadAttributes (604ms)
				ProcessInitializeOnLoadMethodAttributes (189ms)
				AfterProcessingInitializeOnLoad (11ms)
				EditorAssembliesLoaded (1ms)
			ExecutionOrderSort2 (0ms)
			AwakeInstancesAfterBackupRestoration (10ms)
Platform modules already initialized, skipping
========================================================================
Worker process is ready to serve import requests
Launched and connected shader compiler UnityShaderCompiler.exe after 0.11 seconds
Refreshing native plugins compatible for Editor in 1.84 ms, found 3 plugins.
Preloading 0 native plugins for Editor in 0.00 ms.
Unloading 5011 Unused Serialized files (Serialized files now loaded: 0)
Unloading 33 unused Assets / (0.7 MB). Loaded Objects now: 5464.
Memory consumption went from 196.0 MB to 195.3 MB.
Total: 16.198427 ms (FindLiveObjects: 0.966394 ms CreateObjectMapping: 0.724324 ms MarkObjects: 13.335075 ms  DeleteObjects: 1.084565 ms)

AssetImportParameters requested are different than current active one (requested -> active):
  custom:video-decoder-ogg-theora: a1e56fd34408186e4bbccfd4996cb3dc -> 
  custom:container-muxer-webm: aa71ff27fc2769a1b78a27578f13a17b -> 
  custom:container-demuxer-webm: 4f35f7cbe854078d1ac9338744f61a02 -> 
  custom:video-encoder-webm-vp8: eb34c28f22e8b96e1ab97ce403110664 -> 
  custom:audio-encoder-webm-vorbis: bf7c407c2cedff20999df2af8eb42d56 -> 
  custom:framework-win-MediaFoundation: 216162199b28c13a410421893ffa2e32 -> 
  custom:container-demuxer-ogg: 62fdf1f143b41e24485cea50d1cbac27 -> 
  custom:video-decoder-webm-vp8: 9c59270c3fd7afecdb556c50c9e8de78 -> 
  custom:audio-decoder-ogg-vorbis: bf7c407c2cedff20999df2af8eb42d56 -> 
========================================================================
Received Import Request.
  Time since last request: 43825.454444 seconds.
  path: Assets/Materials/Map1-Minth/benchdiffuse.mat
  artifactKey: Guid(7442a2a104d76b54da906ecc2378b87c) Importer(815301076,1909f56bfc062723c751e8b465ee728b)
Start importing Assets/Materials/Map1-Minth/benchdiffuse.mat using Guid(7442a2a104d76b54da906ecc2378b87c) Importer(815301076,1909f56bfc062723c751e8b465ee728b)  -> (artifact id: 'c583a61ab6c7d868284a75e880b5bc39') in 0.608257 seconds 
========================================================================
Received Import Request.
  Time since last request: 0.000091 seconds.
  path: Assets/Materials/Map1-Minth/river.mat
  artifactKey: Guid(22f571d013ddff74eb55bf3e1fe7e247) Importer(815301076,1909f56bfc062723c751e8b465ee728b)
Start importing Assets/Materials/Map1-Minth/river.mat using Guid(22f571d013ddff74eb55bf3e1fe7e247) Importer(815301076,1909f56bfc062723c751e8b465ee728b)  -> (artifact id: '792b03bde3ae9ab85c2f0f82ce0c000f') in 0.031957 seconds 
========================================================================
Received Import Request.
  Time since last request: 0.000066 seconds.
  path: Assets/Materials/Map1-Minth/myrrhdiffuse.002.mat
  artifactKey: Guid(81e5f6408a391e449832420843b5302d) Importer(815301076,1909f56bfc062723c751e8b465ee728b)
Start importing Assets/Materials/Map1-Minth/myrrhdiffuse.002.mat using Guid(81e5f6408a391e449832420843b5302d) Importer(815301076,1909f56bfc062723c751e8b465ee728b)  -> (artifact id: '2098ad99902cbb8f1c2ca39eb8aa28cc') in 0.026676 seconds 
========================================================================
Received Import Request.
  Time since last request: 0.000106 seconds.
  path: Assets/Materials/Map1-Minth/map1diffuse.mat
  artifactKey: Guid(21fd96ced12bd7449a9b2a8f9c07849a) Importer(815301076,1909f56bfc062723c751e8b465ee728b)
Start importing Assets/Materials/Map1-Minth/map1diffuse.mat using Guid(21fd96ced12bd7449a9b2a8f9c07849a) Importer(815301076,1909f56bfc062723c751e8b465ee728b)  -> (artifact id: '1ce922f58059474c26b3050f6390c5df') in 0.051636 seconds 
========================================================================
Received Import Request.
  Time since last request: 0.000049 seconds.
  path: Assets/Materials/Map1-Minth/myrrhdiffuse.001.mat
  artifactKey: Guid(d6ca89e30b76b5046ac779a325db75a4) Importer(815301076,1909f56bfc062723c751e8b465ee728b)
Start importing Assets/Materials/Map1-Minth/myrrhdiffuse.001.mat using Guid(d6ca89e30b76b5046ac779a325db75a4) Importer(815301076,1909f56bfc062723c751e8b465ee728b)  -> (artifact id: 'bdba2b3fa85326f17ff4e3e0aeab5ae1') in 0.024785 seconds 
========================================================================
Received Import Request.
  Time since last request: 52.877866 seconds.
  path: Assets/Models/Materials/bridgediffuse.mat
  artifactKey: Guid(7100bff01fec6fd4c99fd2bc4a6329d8) Importer(815301076,1909f56bfc062723c751e8b465ee728b)
Start importing Assets/Models/Materials/bridgediffuse.mat using Guid(7100bff01fec6fd4c99fd2bc4a6329d8) Importer(815301076,1909f56bfc062723c751e8b465ee728b)  -> (artifact id: '688b9c906ad85c23d259f4a22576148b') in 0.030934 seconds 
========================================================================
Received Import Request.
  Time since last request: 0.000055 seconds.
  path: Assets/Models/Materials/myrrhdiffuse.mat
  artifactKey: Guid(aa1dc914c1a2b784182b9188705d1977) Importer(815301076,1909f56bfc062723c751e8b465ee728b)
Start importing Assets/Models/Materials/myrrhdiffuse.mat using Guid(aa1dc914c1a2b784182b9188705d1977) Importer(815301076,1909f56bfc062723c751e8b465ee728b)  -> (artifact id: '79e23c891d520e0bf1bd81e77ad15701') in 0.023983 seconds 
========================================================================
Received Import Request.
  Time since last request: 0.000048 seconds.
  path: Assets/Models/Materials/treelineleafdiffuse.mat
  artifactKey: Guid(fc3a4d71857c47c4681b93fb70f36509) Importer(815301076,1909f56bfc062723c751e8b465ee728b)
Start importing Assets/Models/Materials/treelineleafdiffuse.mat using Guid(fc3a4d71857c47c4681b93fb70f36509) Importer(815301076,1909f56bfc062723c751e8b465ee728b)  -> (artifact id: '7c0c9c4428c8ac535d547cfc26553663') in 0.024725 seconds 
========================================================================
Received Import Request.
  Time since last request: 0.000040 seconds.
  path: Assets/Models/Materials/housebannisterwood.mat
  artifactKey: Guid(ddd606498270b664eaf6f5f6f2273dd7) Importer(815301076,1909f56bfc062723c751e8b465ee728b)
Start importing Assets/Models/Materials/housebannisterwood.mat using Guid(ddd606498270b664eaf6f5f6f2273dd7) Importer(815301076,1909f56bfc062723c751e8b465ee728b)  -> (artifact id: '236f43e512d807de86f4557dd14e8ee1') in 0.029318 seconds 
========================================================================
Received Import Request.
  Time since last request: 0.000059 seconds.
  path: Assets/Models/Materials/Housediffuse.mat
  artifactKey: Guid(4573e954d7c6a694ba08d5feddbb1a06) Importer(815301076,1909f56bfc062723c751e8b465ee728b)
Start importing Assets/Models/Materials/Housediffuse.mat using Guid(4573e954d7c6a694ba08d5feddbb1a06) Importer(815301076,1909f56bfc062723c751e8b465ee728b)  -> (artifact id: '4ce21bfdf29e1e59696a36d4e2a50862') in 0.032574 seconds 
========================================================================
Received Import Request.
  Time since last request: 0.000054 seconds.
  path: Assets/Models/Materials/treediffuse.mat
  artifactKey: Guid(0e6d8cc7ba7830643bc168a873ada890) Importer(815301076,1909f56bfc062723c751e8b465ee728b)
Start importing Assets/Models/Materials/treediffuse.mat using Guid(0e6d8cc7ba7830643bc168a873ada890) Importer(815301076,1909f56bfc062723c751e8b465ee728b)  -> (artifact id: '613bea60e74bee452834536320542ed0') in 0.026026 seconds 
========================================================================
Received Import Request.
  Time since last request: 0.000056 seconds.
  path: Assets/Models/Materials/Housebrkdiffuse.mat
  artifactKey: Guid(0d7658f9682986f4b9d596b9d49de2de) Importer(815301076,1909f56bfc062723c751e8b465ee728b)
Start importing Assets/Models/Materials/Housebrkdiffuse.mat using Guid(0d7658f9682986f4b9d596b9d49de2de) Importer(815301076,1909f56bfc062723c751e8b465ee728b)  -> (artifact id: '74df003c39a02706440bbaa2dcc6c98b') in 0.031068 seconds 
========================================================================
Received Import Request.
  Time since last request: 0.000050 seconds.
  path: Assets/Models/Materials/waterdiffuse.mat
  artifactKey: Guid(120ffa74b1305c64cb2e46461780276b) Importer(815301076,1909f56bfc062723c751e8b465ee728b)
Start importing Assets/Models/Materials/waterdiffuse.mat using Guid(120ffa74b1305c64cb2e46461780276b) Importer(815301076,1909f56bfc062723c751e8b465ee728b)  -> (artifact id: '72a462f151d66612801f7da65c1c0da9') in 0.024787 seconds 
========================================================================
Received Import Request.
  Time since last request: 0.000048 seconds.
  path: Assets/Models/Materials/myrrhbrkdiffuse.mat
  artifactKey: Guid(c92b06aed8c1a8d44a1fe80299be4b5a) Importer(815301076,1909f56bfc062723c751e8b465ee728b)
Start importing Assets/Models/Materials/myrrhbrkdiffuse.mat using Guid(c92b06aed8c1a8d44a1fe80299be4b5a) Importer(815301076,1909f56bfc062723c751e8b465ee728b)  -> (artifact id: '84fd21c457ee781c41c4df934e3f62c3') in 0.023680 seconds 
========================================================================
Received Import Request.
  Time since last request: 0.000063 seconds.
  path: Assets/Models/Materials/Roundwindowbrkdiffuse.mat
  artifactKey: Guid(4a2976e4c19341a45bcaa1d6f20d980a) Importer(815301076,1909f56bfc062723c751e8b465ee728b)
Start importing Assets/Models/Materials/Roundwindowbrkdiffuse.mat using Guid(4a2976e4c19341a45bcaa1d6f20d980a) Importer(815301076,1909f56bfc062723c751e8b465ee728b)  -> (artifact id: '339fd86c5ed7bec4f28699892088a378') in 0.034334 seconds 
Editor requested this worker to shutdown with reason: Scaling down because of idle timeout
AssetImportWorker is now disconnected from the server
Process exiting
Exiting without the bug reporter. Application will terminate with return code 0