Using pre-set license
Built from '2021.3/staging' branch; Version is '2021.3.2f1 (d6360bedb9a0) revision 14038539'; Using compiler version '192829333'; Build Type 'Release'
OS: 'Windows 10  (10.0.19044) 64bit Core' Language: 'en' Physical Memory: 16311 MB
BatchMode: 1, IsHumanControllingUs: 0, StartBugReporterOnCrash: 0, Is64bit: 1, IsPro: 1

COMMAND LINE ARGUMENTS:
C:\Program Files\Unity\Hub\Editor\2021.3.2f1\Editor\Unity.exe
-adb2
-batchMode
-noUpm
-name
AssetImportWorker3
-projectPath
E:/UnityProjects/Project_SilentMajora-2/My project
-logFile
Logs/AssetImportWorker3.log
-srvPort
64864
Successfully changed project path to: E:/UnityProjects/Project_SilentMajora-2/My project
E:/UnityProjects/Project_SilentMajora-2/My project
[UnityMemory] Configuration Parameters - Can be set up in boot.config
    "memorysetup-bucket-allocator-granularity=16"
    "memorysetup-bucket-allocator-bucket-count=8"
    "memorysetup-bucket-allocator-block-size=33554432"
    "memorysetup-bucket-allocator-block-count=8"
    "memorysetup-main-allocator-block-size=16777216"
    "memorysetup-thread-allocator-block-size=16777216"
    "memorysetup-gfx-main-allocator-block-size=16777216"
    "memorysetup-gfx-thread-allocator-block-size=16777216"
    "memorysetup-cache-allocator-block-size=4194304"
    "memorysetup-typetree-allocator-block-size=2097152"
    "memorysetup-profiler-bucket-allocator-granularity=16"
    "memorysetup-profiler-bucket-allocator-bucket-count=8"
    "memorysetup-profiler-bucket-allocator-block-size=33554432"
    "memorysetup-profiler-bucket-allocator-block-count=8"
    "memorysetup-profiler-allocator-block-size=16777216"
    "memorysetup-profiler-editor-allocator-block-size=1048576"
    "memorysetup-temp-allocator-size-main=16777216"
    "memorysetup-job-temp-allocator-block-size=2097152"
    "memorysetup-job-temp-allocator-block-size-background=1048576"
    "memorysetup-job-temp-allocator-reduction-small-platforms=262144"
    "memorysetup-temp-allocator-size-background-worker=32768"
    "memorysetup-temp-allocator-size-job-worker=262144"
    "memorysetup-temp-allocator-size-preload-manager=33554432"
    "memorysetup-temp-allocator-size-nav-mesh-worker=65536"
    "memorysetup-temp-allocator-size-audio-worker=65536"
    "memorysetup-temp-allocator-size-cloud-worker=32768"
    "memorysetup-temp-allocator-size-gi-baking-worker=262144"
    "memorysetup-temp-allocator-size-gfx=262144"
Refreshing native plugins compatible for Editor in 154.26 ms, found 3 plugins.
Preloading 0 native plugins for Editor in 0.00 ms.
Initialize engine version: 2021.3.2f1 (d6360bedb9a0)
[Subsystems] Discovering subsystems at path C:/Program Files/Unity/Hub/Editor/2021.3.2f1/Editor/Data/Resources/UnitySubsystems
[Subsystems] Discovering subsystems at path E:/UnityProjects/Project_SilentMajora-2/My project/Assets
GfxDevice: creating device client; threaded=0; jobified=0
Direct3D:
    Version:  Direct3D 11.0 [level 11.1]
    Renderer: NVIDIA GeForce RTX 3080 (ID=0x2216)
    Vendor:   NVIDIA
    VRAM:     10077 MB
    Driver:   30.0.15.1215
Initialize mono
Mono path[0] = 'C:/Program Files/Unity/Hub/Editor/2021.3.2f1/Editor/Data/Managed'
Mono path[1] = 'C:/Program Files/Unity/Hub/Editor/2021.3.2f1/Editor/Data/MonoBleedingEdge/lib/mono/unityjit-win32'
Mono config path = 'C:/Program Files/Unity/Hub/Editor/2021.3.2f1/Editor/Data/MonoBleedingEdge/etc'
Using monoOptions --debugger-agent=transport=dt_socket,embedding=1,server=y,suspend=n,address=127.0.0.1:56232
Begin MonoManager ReloadAssembly
Registering precompiled unity dll's ...
Register platform support module: C:/Program Files/Unity/Hub/Editor/2021.3.2f1/Editor/Data/PlaybackEngines/WebGLSupport/UnityEditor.WebGL.Extensions.dll
Register platform support module: C:/Program Files/Unity/Hub/Editor/2021.3.2f1/Editor/Data/PlaybackEngines/WindowsStandaloneSupport/UnityEditor.WindowsStandalone.Extensions.dll
Register platform support module: C:/Program Files/Unity/Hub/Editor/2021.3.2f1/Editor/Data/PlaybackEngines/LinuxStandaloneSupport/UnityEditor.LinuxStandalone.Extensions.dll
Registered in 0.009415 seconds.
Native extension for LinuxStandalone target not found
Native extension for WindowsStandalone target not found
Native extension for WebGL target not found
Refreshing native plugins compatible for Editor in 154.83 ms, found 3 plugins.
Preloading 0 native plugins for Editor in 0.00 ms.
Mono: successfully reloaded assembly
- Completed reload, in  1.306 seconds
Domain Reload Profiling:
	ReloadAssembly (1308ms)
		BeginReloadAssembly (144ms)
			ExecutionOrderSort (0ms)
			DisableScriptedObjects (0ms)
			BackupInstance (0ms)
			ReleaseScriptingObjects (0ms)
			CreateAndSetChildDomain (2ms)
		EndReloadAssembly (953ms)
			LoadAssemblies (140ms)
			RebuildTransferFunctionScriptingTraits (0ms)
			SetupTypeCache (171ms)
			ReleaseScriptCaches (0ms)
			RebuildScriptCaches (57ms)
			SetupLoadedEditorAssemblies (606ms)
				LogAssemblyErrors (0ms)
				InitializePlatformSupportModulesInManaged (24ms)
				SetLoadedEditorAssemblies (1ms)
				RefreshPlugins (155ms)
				BeforeProcessingInitializeOnLoad (5ms)
				ProcessInitializeOnLoadAttributes (317ms)
				ProcessInitializeOnLoadMethodAttributes (103ms)
				AfterProcessingInitializeOnLoad (0ms)
				EditorAssembliesLoaded (1ms)
			ExecutionOrderSort2 (0ms)
			AwakeInstancesAfterBackupRestoration (0ms)
Platform modules already initialized, skipping
Registering precompiled user dll's ...
Registered in 0.011653 seconds.
Begin MonoManager ReloadAssembly
Symbol file LoadedFromMemory doesn't match image E:\UnityProjects\Project_SilentMajora-2\My project\Library\PackageCache\com.unity.visualscripting@1.7.6\Editor\VisualScripting.Core\Dependencies\YamlDotNet\Unity.VisualScripting.YamlDotNet.dll
Symbol file LoadedFromMemory doesn't match image E:\UnityProjects\Project_SilentMajora-2\My project\Library\PackageCache\com.unity.visualscripting@1.7.6\Editor\VisualScripting.Core\Dependencies\DotNetZip\Unity.VisualScripting.IonicZip.dll
Native extension for LinuxStandalone target not found
Native extension for WindowsStandalone target not found
Native extension for WebGL target not found
Refreshing native plugins compatible for Editor in 155.77 ms, found 3 plugins.
Preloading 0 native plugins for Editor in 0.00 ms.
Mono: successfully reloaded assembly
- Completed reload, in  2.454 seconds
Domain Reload Profiling:
	ReloadAssembly (2456ms)
		BeginReloadAssembly (233ms)
			ExecutionOrderSort (0ms)
			DisableScriptedObjects (14ms)
			BackupInstance (0ms)
			ReleaseScriptingObjects (0ms)
			CreateAndSetChildDomain (38ms)
		EndReloadAssembly (1980ms)
			LoadAssemblies (166ms)
			RebuildTransferFunctionScriptingTraits (0ms)
			SetupTypeCache (433ms)
			ReleaseScriptCaches (2ms)
			RebuildScriptCaches (128ms)
			SetupLoadedEditorAssemblies (1152ms)
				LogAssemblyErrors (0ms)
				InitializePlatformSupportModulesInManaged (19ms)
				SetLoadedEditorAssemblies (1ms)
				RefreshPlugins (156ms)
				BeforeProcessingInitializeOnLoad (181ms)
				ProcessInitializeOnLoadAttributes (586ms)
				ProcessInitializeOnLoadMethodAttributes (199ms)
				AfterProcessingInitializeOnLoad (9ms)
				EditorAssembliesLoaded (1ms)
			ExecutionOrderSort2 (0ms)
			AwakeInstancesAfterBackupRestoration (11ms)
Platform modules already initialized, skipping
========================================================================
Worker process is ready to serve import requests
Launched and connected shader compiler UnityShaderCompiler.exe after 0.18 seconds
Refreshing native plugins compatible for Editor in 3.21 ms, found 3 plugins.
Preloading 0 native plugins for Editor in 0.00 ms.
Unloading 5011 Unused Serialized files (Serialized files now loaded: 0)
Unloading 33 unused Assets / (0.7 MB). Loaded Objects now: 5464.
Memory consumption went from 196.0 MB to 195.3 MB.
Total: 9.673855 ms (FindLiveObjects: 0.964927 ms CreateObjectMapping: 1.128426 ms MarkObjects: 6.835645 ms  DeleteObjects: 0.734521 ms)

AssetImportParameters requested are different than current active one (requested -> active):
  custom:video-decoder-ogg-theora: a1e56fd34408186e4bbccfd4996cb3dc -> 
  custom:container-muxer-webm: aa71ff27fc2769a1b78a27578f13a17b -> 
  custom:container-demuxer-webm: 4f35f7cbe854078d1ac9338744f61a02 -> 
  custom:video-encoder-webm-vp8: eb34c28f22e8b96e1ab97ce403110664 -> 
  custom:audio-encoder-webm-vorbis: bf7c407c2cedff20999df2af8eb42d56 -> 
  custom:framework-win-MediaFoundation: 216162199b28c13a410421893ffa2e32 -> 
  custom:container-demuxer-ogg: 62fdf1f143b41e24485cea50d1cbac27 -> 
  custom:video-decoder-webm-vp8: 9c59270c3fd7afecdb556c50c9e8de78 -> 
  custom:audio-decoder-ogg-vorbis: bf7c407c2cedff20999df2af8eb42d56 -> 
========================================================================
Received Import Request.
  Time since last request: 43482.535428 seconds.
  path: Assets/Textures/benchdiffuse.png
  artifactKey: Guid(5f94804a9673b67499b038d8bba9579b) Importer(815301076,1909f56bfc062723c751e8b465ee728b)
Start importing Assets/Textures/benchdiffuse.png using Guid(5f94804a9673b67499b038d8bba9579b) Importer(815301076,1909f56bfc062723c751e8b465ee728b)  -> (artifact id: '316e967d08ae1a0d65f8fab21b7633ab') in 0.211306 seconds 
========================================================================
Received Import Request.
  Time since last request: 0.000055 seconds.
  path: Assets/Textures/doordiffuse.png
  artifactKey: Guid(bd07ddf7820079648a971bf01c1f26b2) Importer(815301076,1909f56bfc062723c751e8b465ee728b)
Start importing Assets/Textures/doordiffuse.png using Guid(bd07ddf7820079648a971bf01c1f26b2) Importer(815301076,1909f56bfc062723c751e8b465ee728b)  -> (artifact id: '6d23cb065b77b6392b5ae687d16626a0') in 0.034635 seconds 
========================================================================
Received Import Request.
  Time since last request: 0.000067 seconds.
  path: Assets/Textures/myrrhbrkdiffuse.png
  artifactKey: Guid(010caeca11207494189ca9fb66439a08) Importer(815301076,1909f56bfc062723c751e8b465ee728b)
Start importing Assets/Textures/myrrhbrkdiffuse.png using Guid(010caeca11207494189ca9fb66439a08) Importer(815301076,1909f56bfc062723c751e8b465ee728b)  -> (artifact id: '7402d9bc6f924a5185a63c28e873539d') in 0.069483 seconds 
========================================================================
Received Import Request.
  Time since last request: 0.000044 seconds.
  path: Assets/Textures/pinewalldiffuse.png
  artifactKey: Guid(fb4b5b99485fb1349a2e99b7eeb155e7) Importer(815301076,1909f56bfc062723c751e8b465ee728b)
Start importing Assets/Textures/pinewalldiffuse.png using Guid(fb4b5b99485fb1349a2e99b7eeb155e7) Importer(815301076,1909f56bfc062723c751e8b465ee728b)  -> (artifact id: '4d841531e3d6e4df93306c225276e417') in 0.044401 seconds 
========================================================================
Received Import Request.
  Time since last request: 0.000038 seconds.
  path: Assets/Textures/bridgediffuse.png
  artifactKey: Guid(da6b8c65bafe49c4ebb754b651ee4d78) Importer(815301076,1909f56bfc062723c751e8b465ee728b)
Start importing Assets/Textures/bridgediffuse.png using Guid(da6b8c65bafe49c4ebb754b651ee4d78) Importer(815301076,1909f56bfc062723c751e8b465ee728b)  -> (artifact id: '9dcab087a056270f051d90bfa7f0274c') in 0.044317 seconds 
========================================================================
Received Import Request.
  Time since last request: 0.000044 seconds.
  path: Assets/Textures/windowdiffuse2.png
  artifactKey: Guid(a1ccddd2d066a3243ab4cbe81f3c017f) Importer(815301076,1909f56bfc062723c751e8b465ee728b)
Start importing Assets/Textures/windowdiffuse2.png using Guid(a1ccddd2d066a3243ab4cbe81f3c017f) Importer(815301076,1909f56bfc062723c751e8b465ee728b)  -> (artifact id: '811e78399dc18a5337f74ffdece8cafe') in 0.042582 seconds 
========================================================================
Received Import Request.
  Time since last request: 0.000042 seconds.
  path: Assets/Textures/shipdiffuse.png
  artifactKey: Guid(46559f065e1ca104f9d663d7c43d71fa) Importer(815301076,1909f56bfc062723c751e8b465ee728b)
Start importing Assets/Textures/shipdiffuse.png using Guid(46559f065e1ca104f9d663d7c43d71fa) Importer(815301076,1909f56bfc062723c751e8b465ee728b)  -> (artifact id: '3fee03dd2a83f8dbdd1571c2841af841') in 0.058206 seconds 
========================================================================
Received Import Request.
  Time since last request: 0.000046 seconds.
  path: Assets/Textures/Roundwindowdiffuse.png
  artifactKey: Guid(66b852e3472e93046847be82ffc3c093) Importer(815301076,1909f56bfc062723c751e8b465ee728b)
Start importing Assets/Textures/Roundwindowdiffuse.png using Guid(66b852e3472e93046847be82ffc3c093) Importer(815301076,1909f56bfc062723c751e8b465ee728b)  -> (artifact id: 'f923e290375c0216c28375ac9af8d64b') in 0.041909 seconds 
========================================================================
Received Import Request.
  Time since last request: 0.000046 seconds.
  path: Assets/Textures/doordiffusebrk.png
  artifactKey: Guid(bb58cec06b2a2414798e885f9ad33691) Importer(815301076,1909f56bfc062723c751e8b465ee728b)
Start importing Assets/Textures/doordiffusebrk.png using Guid(bb58cec06b2a2414798e885f9ad33691) Importer(815301076,1909f56bfc062723c751e8b465ee728b)  -> (artifact id: 'd27e36486c1eff0b36d3c4c41f3dc4f4') in 0.027625 seconds 
========================================================================
Received Import Request.
  Time since last request: 0.000035 seconds.
  path: Assets/Textures/Roundwindowbrkdiffuse.png
  artifactKey: Guid(1d9838106f7036c4ba7337ee83624357) Importer(815301076,1909f56bfc062723c751e8b465ee728b)
Start importing Assets/Textures/Roundwindowbrkdiffuse.png using Guid(1d9838106f7036c4ba7337ee83624357) Importer(815301076,1909f56bfc062723c751e8b465ee728b)  -> (artifact id: 'b6acde667dcf46f4b085c186cb2fb72e') in 0.026993 seconds 
========================================================================
Received Import Request.
  Time since last request: 0.000115 seconds.
  path: Assets/Textures/map1diffuse.png
  artifactKey: Guid(bcd7deac90bf67a4d811ca3d8b18b015) Importer(815301076,1909f56bfc062723c751e8b465ee728b)
Start importing Assets/Textures/map1diffuse.png using Guid(bcd7deac90bf67a4d811ca3d8b18b015) Importer(815301076,1909f56bfc062723c751e8b465ee728b)  -> (artifact id: 'b72f9de2c3535e31ae19c97245b25e87') in 0.069886 seconds 
========================================================================
Received Import Request.
  Time since last request: 0.000040 seconds.
  path: Assets/Textures/streetlampdiffuse.png
  artifactKey: Guid(f4658b4ad47a83f46b7eb9d8ce3c41a2) Importer(815301076,1909f56bfc062723c751e8b465ee728b)
Start importing Assets/Textures/streetlampdiffuse.png using Guid(f4658b4ad47a83f46b7eb9d8ce3c41a2) Importer(815301076,1909f56bfc062723c751e8b465ee728b)  -> (artifact id: 'a092276e118e2cf933d083fafb97a003') in 0.037433 seconds 
Editor requested this worker to shutdown with reason: Scaling down because of idle timeout
AssetImportWorker is now disconnected from the server
Process exiting
Exiting without the bug reporter. Application will terminate with return code 0